[
  {
    "pipelineId": "pipeline1-run1",
    "level": "SUCCESS",
    "message": "Pipeline completed successfully",
    "timestamp": 1708646400000,
    "status": "SUCCESS",
    "stages": [
      {
        "stageName": "build",
        "stageStatus": "SUCCESS",
        "startTime": 1708646000000,
        "completionTime": 1708646100000
      },
      {
        "stageName": "test",
        "stageStatus": "SUCCESS",
        "startTime": 1708646200000,
        "completionTime": 1708646300000
      }
    ],
    "details": [
      "All stages completed successfully",
      "Total execution time: 15m 30s"
    ],
    "runNumber": 1,
    "gitCommitHash": "abc123",
    "startTime": 1708646000000,
    "completionTime": 1708646400000
  },
  {
    "pipelineId": "pipeline1-run2",
    "level": "FAILURE",
    "message": "Pipeline failed in test stage",
    "timestamp": 1708732800000,
    "status": "FAILURE",
    "stages": [
      {
        "stageName": "build",
        "stageStatus": "SUCCESS",
        "startTime": 1708732500000,
        "completionTime": 1708732550000
      },
      {
        "stageName": "test",
        "stageStatus": "FAILURE",
        "startTime": 1708732600000,
        "completionTime": 1708732650000
      }
    ],
    "details": [
      "Test failures in unit tests",
      "Build stage completed successfully"
    ],
    "runNumber": 2,
    "gitCommitHash": "def456",
    "startTime": 1708732500000,
    "completionTime": 1708732800000
  }
]